2017-02-09 10:41 fsevent_watch[6923] (FSEvents.framework) server_gone_StreamRef_callback: ERROR: FSEvents_connect() => (os/kern) exception protected (32)
2017-02-09 10:41 fsevent_watch[6922] (FSEvents.framework) server_gone_StreamRef_callback: ERROR: FSEvents_connect() => (os/kern) exception protected (32)
2017-02-09 10:41 fsevent_watch[6923] (FSEvents.framework) server_gone_StreamRef_callback: failed to reconnect to server! (kr 0x20)
2017-02-09 10:41 fsevent_watch[6922] (FSEvents.framework) server_gone_StreamRef_callback: failed to reconnect to server! (kr 0x20)
2017-02-09 10:41 fsevent_watch[6921] (FSEvents.framework) server_gone_StreamRef_callback: ERROR: FSEvents_connect() => (os/kern) exception protected (32)
2017-02-09 10:41 fsevent_watch[6920] (FSEvents.framework) server_gone_StreamRef_callback: ERROR: FSEvents_connect() => (os/kern) exception protected (32)
2017-02-09 10:41 fsevent_watch[6921] (FSEvents.framework) server_gone_StreamRef_callback: failed to reconnect to server! (kr 0x20)
2017-02-09 10:41 fsevent_watch[6920] (FSEvents.framework) server_gone_StreamRef_callback: failed to reconnect to server! (kr 0x20)
2017-02-09 10:41 fsevent_watch[6919] (FSEvents.framework) server_gone_StreamRef_callback: ERROR: FSEvents_connect() => (os/kern) exception protected (32)
2017-02-09 10:41 fsevent_watch[6918] (FSEvents.framework) server_gone_StreamRef_callback: ERROR: FSEvents_connect() => (os/kern) exception protected (32)
2017-02-09 10:41 fsevent_watch[6919] (FSEvents.framework) server_gone_StreamRef_callback: failed to reconnect to server! (kr 0x20)
2017-02-09 10:41 fsevent_watch[6917] (FSEvents.framework) server_gone_StreamRef_callback: ERROR: FSEvents_connect() => (os/kern) exception protected (32)
2017-02-09 10:41 fsevent_watch[6918] (FSEvents.framework) server_gone_StreamRef_callback: failed to reconnect to server! (kr 0x20)
2017-02-09 10:41 fsevent_watch[6917] (FSEvents.framework) server_gone_StreamRef_callback: failed to reconnect to server! (kr 0x20)2017-02-09 10:41 fsevent_watch[6916] (FSEvents.framework) server_gone_StreamRef_callback: ERROR: FSEvents_connect() => (os/kern) exception protected (32)
2017-02-09 10:41 fsevent_watch[6916] (FSEvents.framework) server_gone_StreamRef_callback: failed to reconnect to server! (kr 0x20)
2017-02-09 10:41 fsevent_watch[6914] (FSEvents.framework) server_gone_StreamRef_callback: ERROR: FSEvents_connect() => (os/kern) exception protected (32)
2017-02-09 10:41 fsevent_watch[6914] (FSEvents.framework) server_gone_StreamRef_callback: failed to reconnect to server! (kr 0x20)
2017-02-09 10:41 fsevent_watch[6913] (FSEvents.framework) server_gone_StreamRef_callback: ERROR: FSEvents_connect() => (os/kern) exception protected (32)
2017-02-09 10:41 fsevent_watch[6912] (FSEvents.framework) server_gone_StreamRef_callback: ERROR: FSEvents_connect() => (os/kern) exception protected (32)
2017-02-09 10:41 fsevent_watch[6913] (FSEvents.framework) server_gone_StreamRef_callback: failed to reconnect to server! (kr 0x20)
2017-02-09 10:41 fsevent_watch[6910] (FSEvents.framework) server_gone_StreamRef_callback: ERROR: FSEvents_connect() => (os/kern) exception protected (32)2017-02-09 10:41 fsevent_watch[6912] (FSEvents.framework) 
2017-02-09 10:41 fsevent_watch[6910] (FSEvents.framework) server_gone_StreamRef_callback: failed to reconnect to server! (kr 0x20)
2017-02-09 10:41 fsevent_watch[6911] (FSEvents.framework) server_gone_StreamRef_callback: ERROR: FSEvents_connect() => (os/kern) exception protected (32)2017-02-09 10:41 fsevent_watch[6909] (FSEvents.framework) 
2017-02-09 10:41 fsevent_watch[6911] (FSEvents.framework) server_gone_StreamRef_callback: failed to reconnect to server! (kr 0x20)
2017-02-09 10:41 fsevent_watch[6908] (FSEvents.framework) server_gone_StreamRef_callback: ERROR: FSEvents_connect() => (os/kern) exception protected (32)
2017-02-09 10:41 fsevent_watch[6908] (FSEvents.framework) server_gone_StreamRef_callback: failed to reconnect to server! (kr 0x20)
2017-02-09 10:41 fsevent_watch[6907] (FSEvents.framework) server_gone_StreamRef_callback: ERROR: FSEvents_connect() => (os/kern) exception protected (32)
2017-02-09 10:41 fsevent_watch[6907] (FSEvents.framework) server_gone_StreamRef_callback: failed to reconnect to server! (kr 0x20)

server_gone_StreamRef_callback: failed to reconnect to server! (kr 0x20)
2017-02-09 10:41 fsevent_watch[6915] (FSEvents.framework) server_gone_StreamRef_callback: ERROR: FSEvents_connect() => (os/kern) exception protected (32)
2017-02-09 10:41 fsevent_watch[6915] (FSEvents.framework) server_gone_StreamRef_callback: failed to reconnect to server! (kr 0x20)
server_gone_StreamRef_callback: ERROR: FSEvents_connect() => (os/kern) exception protected (32)
2017-02-09 10:41 fsevent_watch[6909] (FSEvents.framework) server_gone_StreamRef_callback: failed to reconnect to server! (kr 0x20)
2017-02-09 10:41 fsevent_watch[6924] (FSEvents.framework) server_gone_StreamRef_callback: ERROR: FSEvents_connect() => (os/kern) exception protected (32)
2017-02-09 10:41 fsevent_watch[6924] (FSEvents.framework) server_gone_StreamRef_callback: failed to reconnect to server! (kr 0x20)
2017-02-09 10:41 fsevent_watch[6926] (FSEvents.framework) server_gone_StreamRef_callback: ERROR: FSEvents_connect() => (os/kern) exception protected (32)
2017-02-09 10:41 fsevent_watch[6925] (FSEvents.framework) server_gone_StreamRef_callback: ERROR: FSEvents_connect() => (os/kern) exception protected (32)
2017-02-09 10:41 fsevent_watch[6926] (FSEvents.framework) server_gone_StreamRef_callback: failed to reconnect to server! (kr 0x20)
2017-02-09 10:41 fsevent_watch[6925] (FSEvents.framework) server_gone_StreamRef_callback: failed to reconnect to server! (kr 0x20)
