=> Booting Puma
=> Rails 5.0.0.1 application starting in development on http://0.0.0.0:3001
=> Run `rails server -h` for more startup options
Puma starting in single mode...
* Version 3.6.2 (ruby 2.3.0-p0), codename: Sleepy Sunday Serenity
* Min threads: 5, max threads: 5
* Environment: development
* Listening on tcp://0.0.0.0:3001
Use Ctrl-C to stop
Started GET "/items" for 127.0.0.1 at 2017-02-22 13:51:02 -0500
  [1m[36mActiveRecord::SchemaMigration Load (0.4ms)[0m  [1m[34mSELECT "schema_migrations".* FROM "schema_migrations"[0m
Processing by ItemsController#index as HTML
  Rendering items/index.html.erb within layouts/application
  [1m[35m (0.4ms)[0m  [1m[34mSELECT SUM("items"."item_price_in_cents") FROM "items" WHERE "items"."item_purchase_state" = ?[0m  [["item_purchase_state", 1]]
  [1m[35m (0.2ms)[0m  [1m[34mSELECT COUNT(*) FROM "items"[0m
  [1m[36mItem Load (0.2ms)[0m  [1m[34mSELECT "items".* FROM "items"[0m
  [1m[36mComment Load (0.4ms)[0m  [1m[34mSELECT "comments".* FROM "comments" WHERE "comments"."item_id" IN (1, 2, 3, 4)[0m
  Rendered items/_item_comments.html.erb (0.5ms)
  Rendered items/_item_comments.html.erb (0.1ms)
  Rendered items/_item_comments.html.erb (0.0ms)
  Rendered items/_item_comments.html.erb (0.0ms)
  Rendered items/index.html.erb within layouts/application (79.4ms)
Completed 200 OK in 382ms (Views: 358.8ms | ActiveRecord: 2.1ms)


- Gracefully stopping, waiting for requests to finish
=== puma shutdown: 2017-02-22 13:51:17 -0500 ===
- Goodbye!
Exiting
